[2019-01-10 09:15:16] Текст ошибки: <p>Не найден вид <b>/var/www/fw.loc/app/views/admin\User/index.php</b></p>   |  Файл: /var/www/fw.loc/vendor/fw/core/base/View.php | Строка: 68
-------------
[2019-01-10 09:17:45] Текст ошибки: Контроллер <b>app\controllers\admin/UserController</b> не найден   |  Файл: /var/www/fw.loc/vendor/fw/core/Router.php | Строка: 65
-------------
[2019-01-10 09:18:14] Текст ошибки: <p>Не найден вид <b>/var/www/fw.loc/app/views/admin\User/index.php</b></p>   |  Файл: /var/www/fw.loc/vendor/fw/core/base/View.php | Строка: 68
-------------
[2019-01-10 09:18:57] Текст ошибки: Контроллер <b>app\controllers\admin/UserController</b> не найден   |  Файл: /var/www/fw.loc/vendor/fw/core/Router.php | Строка: 65
-------------
[2019-01-10 09:20:11] Текст ошибки: <p>Не найден вид <b>/var/www/fw.loc/app/views/admin\User/index.php</b></p>   |  Файл: /var/www/fw.loc/vendor/fw/core/base/View.php | Строка: 68
-------------
[2019-01-10 09:21:50] Текст ошибки: <p>Не найден вид <b>/var/www/fw.loc/app/views/admin\User/index.php</b></p>   |  Файл: /var/www/fw.loc/vendor/fw/core/base/View.php | Строка: 69
-------------
[2019-01-10 09:30:43] Текст ошибки: <p>Не найден вид <b>/var/www/fw.loc/app/views/admin\User/index.php</b></p>   |  Файл: /var/www/fw.loc/vendor/fw/core/base/View.php | Строка: 69
-------------
[2019-01-10 09:40:25] Текст ошибки: syntax error, unexpected '/'   |  Файл: /var/www/fw.loc/vendor/fw/core/base/View.php | Строка: 62
-------------
[2019-01-10 09:42:39] Текст ошибки: Страница не найдена   |  Файл: /var/www/fw.loc/vendor/fw/core/Router.php | Строка: 71
-------------
[2019-01-10 09:43:18] Текст ошибки: метод <b>app\controllers\PageController::indexAction</b> не найден   |  Файл: /var/www/fw.loc/vendor/fw/core/Router.php | Строка: 62
-------------
[2019-01-10 14:33:32] Текст ошибки: <p>Не найден вид <b>/var/www/fw.loc/app/views/User/logout.php</b></p>   |  Файл: /var/www/fw.loc/vendor/fw/core/base/View.php | Строка: 69
-------------
[2019-01-10 14:44:59] Текст ошибки: <p>Не найден вид <b>/var/www/fw.loc/app/views/User/logout.php</b></p>   |  Файл: /var/www/fw.loc/vendor/fw/core/base/View.php | Строка: 69
-------------
[2019-01-10 14:57:37] Текст ошибки: Страница не найдена   |  Файл: /var/www/fw.loc/vendor/fw/core/Router.php | Строка: 71
-------------
[2019-01-10 14:57:44] Текст ошибки: Страница не найдена   |  Файл: /var/www/fw.loc/vendor/fw/core/Router.php | Строка: 71
-------------
[2019-01-10 15:21:31] Текст ошибки: Too few arguments to function fw\core\base\Model::load(), 0 passed in /var/www/fw.loc/app/controllers/UserController.php on line 22 and exactly 1 expected   |  Файл: /var/www/fw.loc/vendor/fw/core/base/Model.php | Строка: 24
-------------
[2019-01-10 15:50:38] Текст ошибки: Undefined variable: dat   |  Файл: /var/www/fw.loc/app/controllers/UserController.php | Строка: 23
-------------
[2019-01-10 16:38:12] Текст ошибки: syntax error, unexpected '}'   |  Файл: /var/www/fw.loc/vendor/fw/core/base/Model.php | Строка: 40
-------------
[2019-01-10 17:38:58] Текст ошибки: <p>Не найден вид <b>/var/www/fw.loc/app/views/User/logout.php</b></p>   |  Файл: /var/www/fw.loc/vendor/fw/core/base/View.php | Строка: 69
-------------
